This is pdfTeX, Version 3.14159265-2.6-1.40.21 (MiKTeX 20.10) (preloaded format=pdflatex 2021.3.12)  3 APR 2021 15:38
entering extended mode
**./Lista03-IAE_Resp-Marcel.tex
(Lista03-IAE_Resp-Marcel.tex
LaTeX2e <2020-10-01> patch level 1
L3 programming layer <2020-10-05> xparse <2020-03-03> (C:\Users\Marcel\AppData\
Local\Programs\MiKTeX\tex/latex/base\article.cls
Document Class: article 2020/04/10 v1.4m Standard LaTeX document class
(C:\Users\Marcel\AppData\Local\Programs\MiKTeX\tex/latex/base\size11.clo
File: size11.clo 2020/04/10 v1.4m Standard LaTeX file (size option)
)
\c@part=\count175
\c@section=\count176
\c@subsection=\count177
\c@subsubsection=\count178
\c@paragraph=\count179
\c@subparagraph=\count180
\c@figure=\count181
\c@table=\count182
\abovecaptionskip=\skip47
\belowcaptionskip=\skip48
\bibindent=\dimen138
) (C:\Users\Marcel\AppData\Local\Programs\MiKTeX\tex/latex/geometry\geometry.st
y
Package: geometry 2020/01/02 v5.9 Page Geometry
(C:\Users\Marcel\AppData\Local\Programs\MiKTeX\tex/latex/graphics\keyval.sty
Package: keyval 2014/10/28 v1.15 key=value parser (DPC)
\KV@toks@=\toks15
) (C:\Users\Marcel\AppData\Local\Programs\MiKTeX\tex/generic/iftex\ifvtex.sty
Package: ifvtex 2019/10/25 v1.7 ifvtex legacy package. Use iftex instead.
(C:\Users\Marcel\AppData\Local\Programs\MiKTeX\tex/generic/iftex\iftex.sty
Package: iftex 2020/03/06 v1.0d TeX engine tests
))
\Gm@cnth=\count183
\Gm@cntv=\count184
\c@Gm@tempcnt=\count185
\Gm@bindingoffset=\dimen139
\Gm@wd@mp=\dimen140
\Gm@odd@mp=\dimen141
\Gm@even@mp=\dimen142
\Gm@layoutwidth=\dimen143
\Gm@layoutheight=\dimen144
\Gm@layouthoffset=\dimen145
\Gm@layoutvoffset=\dimen146
\Gm@dimlist=\toks16
(C:\Users\Marcel\AppData\Local\Programs\MiKTeX\tex/latex/geometry\geometry.cfg)
) (C:\Users\Marcel\AppData\Local\Programs\MiKTeX\tex/latex/psnfss\mathpazo.sty
Package: mathpazo 2020/03/25 PSNFSS-v9.3 Palatino w/ Pazo Math (D.Puga, WaS) 
\symupright=\mathgroup4
) (C:\Users\Marcel\AppData\Local\Programs\MiKTeX\tex/latex/base\fontenc.sty
Package: fontenc 2020/08/10 v2.0s Standard LaTeX package
LaTeX Font Info:    Trying to load font information for T1+ppl on input line 11
2.
(C:\Users\Marcel\AppData\Local\Programs\MiKTeX\tex/latex/psnfss\t1ppl.fd
File: t1ppl.fd 2001/06/04 font definitions for T1/ppl.
)) (C:\Users\Marcel\AppData\Local\Programs\MiKTeX\tex/latex/base\inputenc.sty
Package: inputenc 2020/08/01 v1.3d Input encoding file
\inpenc@prehook=\toks17
\inpenc@posthook=\toks18
) (C:\Users\Marcel\AppData\Local\Programs\MiKTeX\tex/latex/abstract\abstract.st
y
Package: abstract 2009/06/08 v1.2a configurable abstracts
\abstitleskip=\skip49
\absleftindent=\skip50
\absrightindent=\skip51
\absparindent=\skip52
\absparsep=\skip53
) (C:\Users\Marcel\AppData\Local\Programs\MiKTeX\tex/latex/graphics\color.sty
Package: color 2020/02/24 v1.2b Standard LaTeX Color (DPC)

(C:\Users\Marcel\AppData\Local\Programs\MiKTeX\tex/latex/graphics-cfg\color.cfg
File: color.cfg 2016/01/02 v1.6 sample color configuration
)
Package color Info: Driver file: pdftex.def on input line 147.

(C:\Users\Marcel\AppData\Local\Programs\MiKTeX\tex/latex/graphics-def\pdftex.de
f
File: pdftex.def 2020/10/05 v1.2a Graphics/color driver for pdftex
)) (C:\Users\Marcel\AppData\Local\Programs\MiKTeX\tex/latex/fancyvrb\fancyvrb.s
ty
Package: fancyvrb 2020/05/03 v3.6 verbatim text (tvz,hv)
\FV@CodeLineNo=\count186
\FV@InFile=\read2
\FV@TabBox=\box47
\c@FancyVerbLine=\count187
\FV@StepNumber=\count188
\FV@OutFile=\write3
) (C:\Users\Marcel\AppData\Local\Programs\MiKTeX\tex/latex/framed\framed.sty
Package: framed 2011/10/22 v 0.96: framed or shaded text with page breaks
\OuterFrameSep=\skip54
\fb@frw=\dimen147
\fb@frh=\dimen148
\FrameRule=\dimen149
\FrameSep=\dimen150
) (C:\Users\Marcel\AppData\Local\Programs\MiKTeX\tex/latex/graphics\graphicx.st
y
Package: graphicx 2020/09/09 v1.2b Enhanced LaTeX Graphics (DPC,SPQR)
(C:\Users\Marcel\AppData\Local\Programs\MiKTeX\tex/latex/graphics\graphics.sty
Package: graphics 2020/08/30 v1.4c Standard LaTeX Graphics (DPC,SPQR)
(C:\Users\Marcel\AppData\Local\Programs\MiKTeX\tex/latex/graphics\trig.sty
Package: trig 2016/01/03 v1.10 sin cos tan (DPC)
)
(C:\Users\Marcel\AppData\Local\Programs\MiKTeX\tex/latex/graphics-cfg\graphics.
cfg
File: graphics.cfg 2016/06/04 v1.11 sample graphics configuration
)
Package graphics Info: Driver file: pdftex.def on input line 105.
)
\Gin@req@height=\dimen151
\Gin@req@width=\dimen152
) (C:\Users\Marcel\AppData\Local\Programs\MiKTeX\tex/latex/grffile\grffile.sty
Package: grffile 2019/11/11 v2.1 Extended file name support for graphics (legac
y)
Package grffile Info: This package is an empty stub for compatibility on input 
line 40.
) (C:\Users\Marcel\AppData\Local\Programs\MiKTeX\tex/latex/titlesec\titlesec.st
y
Package: titlesec 2019/10/16 v2.13 Sectioning titles
\ttl@box=\box48
\beforetitleunit=\skip55
\aftertitleunit=\skip56
\ttl@plus=\dimen153
\ttl@minus=\dimen154
\ttl@toksa=\toks19
\titlewidth=\dimen155
\titlewidthlast=\dimen156
\titlewidthfirst=\dimen157
)
\c@hypothesis=\count189
(C:\Users\Marcel\AppData\Local\Programs\MiKTeX\tex/latex/setspace\setspace.sty
Package: setspace 2011/12/19 v6.7a set line spacing
) (C:\Users\Marcel\AppData\Local\Programs\MiKTeX\tex/latex/booktabs\booktabs.st
y
Package: booktabs 2020/01/12 v1.61803398 Publication quality tables
\heavyrulewidth=\dimen158
\lightrulewidth=\dimen159
\cmidrulewidth=\dimen160
\belowrulesep=\dimen161
\belowbottomsep=\dimen162
\aboverulesep=\dimen163
\abovetopsep=\dimen164
\cmidrulesep=\dimen165
\cmidrulekern=\dimen166
\defaultaddspace=\dimen167
\@cmidla=\count190
\@cmidlb=\count191
\@aboverulesep=\dimen168
\@belowrulesep=\dimen169
\@thisruleclass=\count192
\@lastruleclass=\count193
\@thisrulewidth=\dimen170
) (C:\Users\Marcel\AppData\Local\Programs\MiKTeX\tex/latex/tools\longtable.sty
Package: longtable 2020/01/07 v4.13 Multi-page Table package (DPC)
\LTleft=\skip57
\LTright=\skip58
\LTpre=\skip59
\LTpost=\skip60
\LTchunksize=\count194
\LTcapwidth=\dimen171
\LT@head=\box49
\LT@firsthead=\box50
\LT@foot=\box51
\LT@lastfoot=\box52
\LT@cols=\count195
\LT@rows=\count196
\c@LT@tables=\count197
\c@LT@chunks=\count198
\LT@p@ftn=\toks20
) (C:\Users\Marcel\AppData\Local\Programs\MiKTeX\tex/latex/tools\array.sty
Package: array 2019/08/31 v2.4l Tabular extension package (FMi)
\col@sep=\dimen172
\ar@mcellbox=\box53
\extrarowheight=\dimen173
\NC@list=\toks21
\extratabsurround=\skip61
\backup@length=\skip62
\ar@cellbox=\box54
) (C:\Users\Marcel\AppData\Local\Programs\MiKTeX\tex/latex/multirow\multirow.st
y
Package: multirow 2021/03/15 v2.8 Span multiple rows of a table
\multirow@colwidth=\skip63
\multirow@cntb=\count199
\multirow@dima=\skip64
\bigstrutjot=\dimen174
) (C:\Users\Marcel\AppData\Local\Programs\MiKTeX\tex/latex/wrapfig\wrapfig.sty
\wrapoverhang=\dimen175
\WF@size=\dimen176
\c@WF@wrappedlines=\count266
\WF@box=\box55
\WF@everypar=\toks22
Package: wrapfig 2003/01/31  v 3.6
) (C:\Users\Marcel\AppData\Local\Programs\MiKTeX\tex/latex/float\float.sty
Package: float 2001/11/08 v1.3d Float enhancements (AL)
\c@float@type=\count267
\float@exts=\toks23
\float@box=\box56
\@float@everytoks=\toks24
\@floatcapt=\box57
) (C:\Users\Marcel\AppData\Local\Programs\MiKTeX\tex/latex/colortbl\colortbl.st
y
Package: colortbl 2020/01/04 v1.0e Color table columns (DPC)
\everycr=\toks25
\minrowclearance=\skip65
)
(C:\Users\Marcel\AppData\Local\Programs\MiKTeX\tex/latex/pdflscape\pdflscape.st
y
Package: pdflscape 2019/12/05 v0.12 Display of landscape pages in PDF (HO)
(C:\Users\Marcel\AppData\Local\Programs\MiKTeX\tex/latex/graphics\lscape.sty
Package: lscape 2020/05/28 v3.02 Landscape Pages (DPC)
)
Package pdflscape Info: Auto-detected driver: pdftex on input line 81.
) (C:\Users\Marcel\AppData\Local\Programs\MiKTeX\tex/latex/tabu\tabu.sty
Package: tabu 2019/01/11 v2.9 - flexible LaTeX tabulars (FC+tabu-fixed)
(C:\Users\Marcel\AppData\Local\Programs\MiKTeX\tex/latex/varwidth\varwidth.sty
Package: varwidth 2009/03/30 ver 0.92;  Variable-width minipages
\@vwid@box=\box58
\sift@deathcycles=\count268
\@vwid@loff=\dimen177
\@vwid@roff=\dimen178
)
\c@taburow=\count269
\tabu@nbcols=\count270
\tabu@cnt=\count271
\tabu@Xcol=\count272
\tabu@alloc=\count273
\tabu@nested=\count274
\tabu@target=\dimen179
\tabu@spreadtarget=\dimen180
\tabu@naturalX=\dimen181
\tabucolX=\dimen182
\tabu@Xsum=\dimen183
\extrarowdepth=\dimen184
\abovetabulinesep=\dimen185
\belowtabulinesep=\dimen186
\tabustrutrule=\dimen187
\tabu@thebody=\toks26
\tabu@footnotes=\toks27
\tabu@box=\box59
\tabu@arstrutbox=\box60
\tabu@hleads=\box61
\tabu@vleads=\box62
\tabu@cellskip=\skip66
)
(C:\Users\Marcel\AppData\Local\Programs\MiKTeX\tex/latex/threeparttable\threepa
rttable.sty
Package: threeparttable 2003/06/13  v 3.0
\@tempboxb=\box63
)
(C:\Users\Marcel\AppData\Local\Programs\MiKTeX\tex/latex/threeparttablex\threep
arttablex.sty
Package: threeparttablex 2013/07/23 v0.3 by daleif
(C:\Users\Marcel\AppData\Local\Programs\MiKTeX\tex/latex/environ\environ.sty
Package: environ 2014/05/04 v0.3 A new way to define environments

(C:\Users\Marcel\AppData\Local\Programs\MiKTeX\tex/latex/trimspaces\trimspaces.
sty
Package: trimspaces 2009/09/17 v1.1 Trim spaces around a token list
)
\@envbody=\toks28
)
\TPTL@width=\skip67
) (C:\Users\Marcel\AppData\Local\Programs\MiKTeX\tex/latex/ulem\ulem.sty
\UL@box=\box64
\UL@hyphenbox=\box65
\UL@skip=\skip68
\UL@hook=\toks29
\UL@height=\dimen188
\UL@pe=\count275
\UL@pixel=\dimen189
\ULC@box=\box66
Package: ulem 2019/11/18
\ULdepth=\dimen190
) (C:\Users\Marcel\AppData\Local\Programs\MiKTeX\tex/latex/makecell\makecell.st
y
Package: makecell 2009/08/03 V0.1e Managing of Tab Column Heads and Cells
\rotheadsize=\dimen191
\c@nlinenum=\count276
\TeXr@lab=\toks30
) (C:\Users\Marcel\AppData\Local\Programs\MiKTeX\tex/latex/xcolor\xcolor.sty
Package: xcolor 2016/05/11 v2.12 LaTeX color extensions (UK)

(C:\Users\Marcel\AppData\Local\Programs\MiKTeX\tex/latex/graphics-cfg\color.cfg
File: color.cfg 2016/01/02 v1.6 sample color configuration
)
Package xcolor Info: Driver file: pdftex.def on input line 225.
LaTeX Info: Redefining \color on input line 709.
Package xcolor Info: Model `cmy' substituted by `cmy0' on input line 1348.
Package xcolor Info: Model `hsb' substituted by `rgb' on input line 1352.
Package xcolor Info: Model `RGB' extended on input line 1364.
Package xcolor Info: Model `HTML' substituted by `rgb' on input line 1366.
Package xcolor Info: Model `Hsb' substituted by `hsb' on input line 1367.
Package xcolor Info: Model `tHsb' substituted by `hsb' on input line 1368.
Package xcolor Info: Model `HSB' substituted by `hsb' on input line 1369.
Package xcolor Info: Model `Gray' substituted by `gray' on input line 1370.
Package xcolor Info: Model `wave' substituted by `hsb' on input line 1371.
) (C:\Users\Marcel\AppData\Local\Programs\MiKTeX\tex/latex/hyperref\hyperref.st
y
Package: hyperref 2020-05-15 v7.00e Hypertext links for LaTeX
(C:\Users\Marcel\AppData\Local\Programs\MiKTeX\tex/generic/ltxcmds\ltxcmds.sty
Package: ltxcmds 2020-05-10 v1.25 LaTeX kernel commands for general use (HO)
)
(C:\Users\Marcel\AppData\Local\Programs\MiKTeX\tex/generic/pdftexcmds\pdftexcmd
s.sty
Package: pdftexcmds 2020-06-27 v0.33 Utility functions of pdfTeX for LuaTeX (HO
)

(C:\Users\Marcel\AppData\Local\Programs\MiKTeX\tex/generic/infwarerr\infwarerr.
sty
Package: infwarerr 2019/12/03 v1.5 Providing info/warning/error messages (HO)
)
Package pdftexcmds Info: \pdf@primitive is available.
Package pdftexcmds Info: \pdf@ifprimitive is available.
Package pdftexcmds Info: \pdfdraftmode found.
)
(C:\Users\Marcel\AppData\Local\Programs\MiKTeX\tex/generic/kvsetkeys\kvsetkeys.
sty
Package: kvsetkeys 2019/12/15 v1.18 Key value parser (HO)
)
(C:\Users\Marcel\AppData\Local\Programs\MiKTeX\tex/generic/kvdefinekeys\kvdefin
ekeys.sty
Package: kvdefinekeys 2019-12-19 v1.6 Define keys (HO)
)
(C:\Users\Marcel\AppData\Local\Programs\MiKTeX\tex/generic/pdfescape\pdfescape.
sty
Package: pdfescape 2019/12/09 v1.15 Implements pdfTeX's escape features (HO)
) (C:\Users\Marcel\AppData\Local\Programs\MiKTeX\tex/latex/hycolor\hycolor.sty
Package: hycolor 2020-01-27 v1.10 Color options for hyperref/bookmark (HO)
)
(C:\Users\Marcel\AppData\Local\Programs\MiKTeX\tex/latex/letltxmacro\letltxmacr
o.sty
Package: letltxmacro 2019/12/03 v1.6 Let assignment for LaTeX macros (HO)
) (C:\Users\Marcel\AppData\Local\Programs\MiKTeX\tex/latex/auxhook\auxhook.sty
Package: auxhook 2019-12-17 v1.6 Hooks for auxiliary files (HO)
)
(C:\Users\Marcel\AppData\Local\Programs\MiKTeX\tex/latex/kvoptions\kvoptions.st
y
Package: kvoptions 2019/11/29 v3.13 Key value format for package options (HO)
)
\@linkdim=\dimen192
\Hy@linkcounter=\count277
\Hy@pagecounter=\count278
(C:\Users\Marcel\AppData\Local\Programs\MiKTeX\tex/latex/hyperref\pd1enc.def
File: pd1enc.def 2020-05-15 v7.00e Hyperref: PDFDocEncoding definition (HO)
Now handling font encoding PD1 ...
... no UTF-8 mapping file for font encoding PD1
) (C:\Users\Marcel\AppData\Local\Programs\MiKTeX\tex/generic/intcalc\intcalc.st
y
Package: intcalc 2019/12/15 v1.3 Expandable calculations with integers (HO)
)
(C:\Users\Marcel\AppData\Local\Programs\MiKTeX\tex/generic/etexcmds\etexcmds.st
y
Package: etexcmds 2019/12/15 v1.7 Avoid name clashes with e-TeX commands (HO)
)
\Hy@SavedSpaceFactor=\count279
Package hyperref Info: Option `draft' set `true' on input line 4338.
Package hyperref Info: Option `unicode' set `true' on input line 4338.
(C:\Users\Marcel\AppData\Local\Programs\MiKTeX\tex/latex/hyperref\puenc.def
File: puenc.def 2020-05-15 v7.00e Hyperref: PDF Unicode definition (HO)
Now handling font encoding PU ...
... no UTF-8 mapping file for font encoding PU
)
Package hyperref Info: Hyper figures OFF on input line 4464.
Package hyperref Info: Link nesting OFF on input line 4469.
Package hyperref Info: Hyper index ON on input line 4472.
Package hyperref Info: Plain pages OFF on input line 4479.
Package hyperref Info: Backreferencing OFF on input line 4484.
Package hyperref Info: Implicit mode ON; LaTeX internals redefined.
Package hyperref Info: Bookmarks ON on input line 4717.
\c@Hy@tempcnt=\count280
(C:\Users\Marcel\AppData\Local\Programs\MiKTeX\tex/latex/url\url.sty
\Urlmuskip=\muskip16
Package: url 2013/09/16  ver 3.4  Verb mode for urls, etc.
)
LaTeX Info: Redefining \url on input line 5076.
\XeTeXLinkMargin=\dimen193
(C:\Users\Marcel\AppData\Local\Programs\MiKTeX\tex/generic/bitset\bitset.sty
Package: bitset 2019/12/09 v1.3 Handle bit-vector datatype (HO)

(C:\Users\Marcel\AppData\Local\Programs\MiKTeX\tex/generic/bigintcalc\bigintcal
c.sty
Package: bigintcalc 2019/12/15 v1.5 Expandable calculations on big integers (HO
)
))
\Fld@menulength=\count281
\Field@Width=\dimen194
\Fld@charsize=\dimen195
Package hyperref Info: Hyper figures OFF on input line 6347.
Package hyperref Info: Link nesting OFF on input line 6352.
Package hyperref Info: Hyper index ON on input line 6355.
Package hyperref Info: backreferencing OFF on input line 6362.
Package hyperref Info: Link coloring OFF on input line 6367.
Package hyperref Info: Link coloring with OCG OFF on input line 6372.
Package hyperref Info: PDF/A mode OFF on input line 6377.
LaTeX Info: Redefining \ref on input line 6417.
LaTeX Info: Redefining \pageref on input line 6421.
(C:\Users\Marcel\AppData\Local\Programs\MiKTeX\tex/latex/base\atbegshi-ltx.sty
Package: atbegshi-ltx 2020/08/17 v1.0a Emulation of the original atbegshi packa
ge
with kernel methods
)
\Hy@abspage=\count282
\c@Item=\count283
\c@Hfootnote=\count284
)
Package hyperref Info: Driver (autodetected): hpdftex.
(C:\Users\Marcel\AppData\Local\Programs\MiKTeX\tex/latex/hyperref\hpdftex.def
File: hpdftex.def 2020-05-15 v7.00e Hyperref driver for pdfTeX

(C:\Users\Marcel\AppData\Local\Programs\MiKTeX\tex/latex/base\atveryend-ltx.sty
Package: atveryend-ltx 2020/08/19 v1.0a Emulation of the original atvery packag
e
with kernel methods
)
\Fld@listcount=\count285
\c@bookmark@seq@number=\count286

(C:\Users\Marcel\AppData\Local\Programs\MiKTeX\tex/latex/rerunfilecheck\rerunfi
lecheck.sty
Package: rerunfilecheck 2019/12/05 v1.9 Rerun checks for auxiliary files (HO)

(C:\Users\Marcel\AppData\Local\Programs\MiKTeX\tex/generic/uniquecounter\unique
counter.sty
Package: uniquecounter 2019/12/15 v1.4 Provide unlimited unique counter (HO)
)
Package uniquecounter Info: New unique counter `rerunfilecheck' on input line 2
86.
)
\Hy@SectionHShift=\skip69
)
Package hyperref Info: Option `breaklinks' set `true' on input line 169.

Package hyperref Warning: Option `bookmarks' has already been used,
(hyperref)                setting the option has no effect on input line 169.

Package hyperref Info: Option `colorlinks' set `true' on input line 169.
(C:\Users\Marcel\AppData\Local\Programs\MiKTeX\tex/latex/placeins\placeins.sty
Package: placeins 2005/04/18  v 2.2
)
(C:\Users\Marcel\AppData\Local\Programs\MiKTeX\tex/latex/l3backend\l3backend-pd
ftex.def
File: l3backend-pdftex.def 2020-09-24 L3 backend support: PDF output (pdfTeX)
\l__kernel_color_stack_int=\count287
\l__pdf_internal_box=\box67
) (Lista03-IAE_Resp-Marcel.aux)
\openout1 = `Lista03-IAE_Resp-Marcel.aux'.

LaTeX Font Info:    Checking defaults for OML/cmm/m/it on input line 189.
LaTeX Font Info:    ... okay on input line 189.
LaTeX Font Info:    Checking defaults for OMS/cmsy/m/n on input line 189.
LaTeX Font Info:    ... okay on input line 189.
LaTeX Font Info:    Checking defaults for OT1/cmr/m/n on input line 189.
LaTeX Font Info:    ... okay on input line 189.
LaTeX Font Info:    Checking defaults for T1/cmr/m/n on input line 189.
LaTeX Font Info:    ... okay on input line 189.
LaTeX Font Info:    Checking defaults for TS1/cmr/m/n on input line 189.
LaTeX Font Info:    ... okay on input line 189.
LaTeX Font Info:    Checking defaults for OMX/cmex/m/n on input line 189.
LaTeX Font Info:    ... okay on input line 189.
LaTeX Font Info:    Checking defaults for U/cmr/m/n on input line 189.
LaTeX Font Info:    ... okay on input line 189.
LaTeX Font Info:    Checking defaults for PD1/pdf/m/n on input line 189.
LaTeX Font Info:    ... okay on input line 189.
LaTeX Font Info:    Checking defaults for PU/pdf/m/n on input line 189.
LaTeX Font Info:    ... okay on input line 189.
*geometry* driver: auto-detecting
*geometry* detected driver: pdftex
*geometry* verbose mode - [ preamble ] result:
* driver: pdftex
* paper: <default>
* layout: <same size as paper>
* layoutoffset:(h,v)=(0.0pt,0.0pt)
* modes: 
* h-part:(L,W,R)=(72.26999pt, 469.75502pt, 72.26999pt)
* v-part:(T,H,B)=(72.26999pt, 650.43001pt, 72.26999pt)
* \paperwidth=614.295pt
* \paperheight=794.96999pt
* \textwidth=469.75502pt
* \textheight=650.43001pt
* \oddsidemargin=0.0pt
* \evensidemargin=0.0pt
* \topmargin=-37.0pt
* \headheight=12.0pt
* \headsep=25.0pt
* \topskip=11.0pt
* \footskip=30.0pt
* \marginparwidth=59.0pt
* \marginparsep=10.0pt
* \columnsep=10.0pt
* \skip\footins=10.0pt plus 4.0pt minus 2.0pt
* \hoffset=0.0pt
* \voffset=0.0pt
* \mag=1000
* \@twocolumnfalse
* \@twosidefalse
* \@mparswitchfalse
* \@reversemarginfalse
* (1in=72.27pt=25.4mm, 1cm=28.453pt)

\big@size=\dimen196

(C:\Users\Marcel\AppData\Local\Programs\MiKTeX\tex/context/base/mkii\supp-pdf.m
kii
[Loading MPS to PDF converter (version 2006.09.02).]
\scratchcounter=\count288
\scratchdimen=\dimen197
\scratchbox=\box68
\nofMPsegments=\count289
\nofMParguments=\count290
\everyMPshowfont=\toks31
\MPscratchCnt=\count291
\MPscratchDim=\dimen198
\MPnumerator=\count292
\makeMPintoPDFobject=\count293
\everyMPtoPDFconversion=\toks32
)
(C:\Users\Marcel\AppData\Local\Programs\MiKTeX\tex/latex/epstopdf-pkg\epstopdf-
base.sty
Package: epstopdf-base 2020-01-24 v2.11 Base part for package epstopdf
(C:\Users\Marcel\AppData\Local\Programs\MiKTeX\tex/latex/grfext\grfext.sty
Package: grfext 2019/12/03 v1.3 Manage graphics extensions (HO)
)
Package epstopdf-base Info: Redefining graphics rule for `.eps' on input line 4
85.
Package grfext Info: Graphics extension search list:
(grfext)             [.pdf,.png,.jpg,.mps,.jpeg,.jbig2,.jb2,.PDF,.PNG,.JPG,.JPE
G,.JBIG2,.JB2,.eps]
(grfext)             \AppendGraphicsExtensions on input line 504.
)

Package hyperref Warning: Draft mode on.

Package hyperref Info: Link coloring ON on input line 189.
(C:\Users\Marcel\AppData\Local\Programs\MiKTeX\tex/latex/hyperref\nameref.sty
Package: nameref 2019/09/16 v2.46 Cross-referencing by name of section
(C:\Users\Marcel\AppData\Local\Programs\MiKTeX\tex/latex/refcount\refcount.sty
Package: refcount 2019/12/15 v3.6 Data extraction from label references (HO)
)
(C:\Users\Marcel\AppData\Local\Programs\MiKTeX\tex/generic/gettitlestring\getti
tlestring.sty
Package: gettitlestring 2019/12/15 v1.6 Cleanup title references (HO)
)
\c@section@level=\count294
)
LaTeX Info: Redefining \ref on input line 189.
LaTeX Info: Redefining \pageref on input line 189.
LaTeX Info: Redefining \nameref on input line 189.
LaTeX Font Info:    Trying to load font information for T1+phv on input line 20
6.
(C:\Users\Marcel\AppData\Local\Programs\MiKTeX\tex/latex/psnfss\t1phv.fd
File: t1phv.fd 2020/03/25 scalable font definitions for T1/phv.
)
LaTeX Font Info:    Trying to load font information for TS1+ppl on input line 2
27.
(C:\Users\Marcel\AppData\Local\Programs\MiKTeX\tex/latex/psnfss\ts1ppl.fd
File: ts1ppl.fd 2001/06/04 font definitions for TS1/ppl.
)
LaTeX Font Info:    Trying to load font information for OT1+ppl on input line 2
48.
(C:\Users\Marcel\AppData\Local\Programs\MiKTeX\tex/latex/psnfss\ot1ppl.fd
File: ot1ppl.fd 2001/06/04 font definitions for OT1/ppl.
)
LaTeX Font Info:    Trying to load font information for OML+zplm on input line 
248.
(C:\Users\Marcel\AppData\Local\Programs\MiKTeX\tex/latex/psnfss\omlzplm.fd
File: omlzplm.fd 2002/09/08 Fontinst v1.914 font definitions for OML/zplm.
)
LaTeX Font Info:    Trying to load font information for OMS+zplm on input line 
248.
(C:\Users\Marcel\AppData\Local\Programs\MiKTeX\tex/latex/psnfss\omszplm.fd
File: omszplm.fd 2002/09/08 Fontinst v1.914 font definitions for OMS/zplm.
)
LaTeX Font Info:    Trying to load font information for OMX+zplm on input line 
248.
(C:\Users\Marcel\AppData\Local\Programs\MiKTeX\tex/latex/psnfss\omxzplm.fd
File: omxzplm.fd 2002/09/08 Fontinst v1.914 font definitions for OMX/zplm.
)
LaTeX Font Info:    Trying to load font information for OT1+zplm on input line 
248.
(C:\Users\Marcel\AppData\Local\Programs\MiKTeX\tex/latex/psnfss\ot1zplm.fd
File: ot1zplm.fd 2002/09/08 Fontinst v1.914 font definitions for OT1/zplm.
)

Package xcolor Warning: Incompatible color definition on input line 256.

LaTeX Font Info:    Trying to load font information for T1+cmtt on input line 2
57.
(C:\Users\Marcel\AppData\Local\Programs\MiKTeX\tex/latex/base\t1cmtt.fd
File: t1cmtt.fd 2019/12/16 v2.5j Standard LaTeX font definitions
)

Package xcolor Warning: Incompatible color definition on input line 262.


Package xcolor Warning: Incompatible color definition on input line 262.


Package xcolor Warning: Incompatible color definition on input line 289.


Package xcolor Warning: Incompatible color definition on input line 307.


Package xcolor Warning: Incompatible color definition on input line 307.


Package xcolor Warning: Incompatible color definition on input line 309.

[1

{C:/Users/Marcel/AppData/Local/MiKTeX/pdftex/config/pdftex.map}]
LaTeX Font Info:    Trying to load font information for TS1+cmtt on input line 
314.
(C:\Users\Marcel\AppData\Local\Programs\MiKTeX\tex/latex/base\ts1cmtt.fd
File: ts1cmtt.fd 2019/12/16 v2.5j Standard LaTeX font definitions
)

Package xcolor Warning: Incompatible color definition on input line 320.


Package xcolor Warning: Incompatible color definition on input line 320.


Package xcolor Warning: Incompatible color definition on input line 356.


Package xcolor Warning: Incompatible color definition on input line 362.


Package xcolor Warning: Incompatible color definition on input line 362.


Package xcolor Warning: Incompatible color definition on input line 364.


Package xcolor Warning: Incompatible color definition on input line 383.


Package xcolor Warning: Incompatible color definition on input line 383.

<Lista03-IAE_Resp-Marcel_files/figure-latex/unnamed-chunk-4-1.pdf, id=14, 469.7
55pt x 325.215pt>
File: Lista03-IAE_Resp-Marcel_files/figure-latex/unnamed-chunk-4-1.pdf Graphic 
file (type pdf)
<use Lista03-IAE_Resp-Marcel_files/figure-latex/unnamed-chunk-4-1.pdf>
Package pdftex.def Info: Lista03-IAE_Resp-Marcel_files/figure-latex/unnamed-chu
nk-4-1.pdf  used on input line 385.
(pdftex.def)             Requested size: 469.75386pt x 325.2142pt.

Overfull \hbox (16.99884pt too wide) in paragraph at lines 385--386
[][] 
 []

[2]

Package xcolor Warning: Incompatible color definition on input line 402.


Package xcolor Warning: Incompatible color definition on input line 414.


Package xcolor Warning: Incompatible color definition on input line 414.

<Lista03-IAE_Resp-Marcel_files/figure-latex/unnamed-chunk-5-1.pdf, id=19, 469.7
55pt x 325.215pt>
File: Lista03-IAE_Resp-Marcel_files/figure-latex/unnamed-chunk-5-1.pdf Graphic 
file (type pdf)
<use Lista03-IAE_Resp-Marcel_files/figure-latex/unnamed-chunk-5-1.pdf>
Package pdftex.def Info: Lista03-IAE_Resp-Marcel_files/figure-latex/unnamed-chu
nk-5-1.pdf  used on input line 416.
(pdftex.def)             Requested size: 469.75386pt x 325.2142pt.

Overfull \hbox (16.99884pt too wide) in paragraph at lines 416--417
[][] 
 []

[3 <./Lista03-IAE_Resp-Marcel_files/figure-latex/unnamed-chunk-4-1.pdf>]

Package xcolor Warning: Incompatible color definition on input line 433.


Package xcolor Warning: Incompatible color definition on input line 453.


Package xcolor Warning: Incompatible color definition on input line 453.

<Lista03-IAE_Resp-Marcel_files/figure-latex/unnamed-chunk-6-1.pdf, id=30, 469.7
55pt x 325.215pt>
File: Lista03-IAE_Resp-Marcel_files/figure-latex/unnamed-chunk-6-1.pdf Graphic 
file (type pdf)
<use Lista03-IAE_Resp-Marcel_files/figure-latex/unnamed-chunk-6-1.pdf>
Package pdftex.def Info: Lista03-IAE_Resp-Marcel_files/figure-latex/unnamed-chu
nk-6-1.pdf  used on input line 455.
(pdftex.def)             Requested size: 469.75386pt x 325.2142pt.

Overfull \hbox (16.99884pt too wide) in paragraph at lines 455--456
[][] 
 []


Package xcolor Warning: Incompatible color definition on input line 457.

[4 <./Lista03-IAE_Resp-Marcel_files/figure-latex/unnamed-chunk-5-1.pdf>]

Package xcolor Warning: Incompatible color definition on input line 464.


Package xcolor Warning: Incompatible color definition on input line 464.


Overfull \hbox (22.1005pt too wide) in paragraph at lines 483--486
[]\T1/ppl/m/n/10.95 Obtenha, por amostragem, uma aprox-i-mação para a dis-tribu
ição pred-i-tiva de $\OML/zplm/m/it/10.95 Z\OT1/zplm/m/n/10.95 (\OML/zplm/m/it/
10.95 log \OMS/zplm/m/n/10.95   \OML/zplm/m/it/10.95 custo\OT1/zplm/m/n/10.95 )
$\T1/ppl/m/n/10.95 .Faça
 []


Package xcolor Warning: Incompatible color definition on input line 488.

LaTeX Font Info:    Font shape `T1/cmtt/bx/n' in size <10.95> not available
(Font)              Font shape `T1/cmtt/m/n' tried instead on input line 492.

Package xcolor Warning: Incompatible color definition on input line 496.


Package xcolor Warning: Incompatible color definition on input line 496.


Package xcolor Warning: Incompatible color definition on input line 498.

[5 <./Lista03-IAE_Resp-Marcel_files/figure-latex/unnamed-chunk-6-1.pdf>]

Package xcolor Warning: Incompatible color definition on input line 512.


Package xcolor Warning: Incompatible color definition on input line 512.

<Lista03-IAE_Resp-Marcel_files/figure-latex/unnamed-chunk-9-1.pdf, id=50, 469.7
55pt x 325.215pt>
File: Lista03-IAE_Resp-Marcel_files/figure-latex/unnamed-chunk-9-1.pdf Graphic 
file (type pdf)
<use Lista03-IAE_Resp-Marcel_files/figure-latex/unnamed-chunk-9-1.pdf>
Package pdftex.def Info: Lista03-IAE_Resp-Marcel_files/figure-latex/unnamed-chu
nk-9-1.pdf  used on input line 514.
(pdftex.def)             Requested size: 469.75386pt x 325.2142pt.

Overfull \hbox (16.99884pt too wide) in paragraph at lines 514--515
[][] 
 []


Overfull \hbox (1.52283pt too wide) in paragraph at lines 521--525
\T1/ppl/m/n/10.95 tribuição pred-i-tiva de $\OML/zplm/m/it/10.95 Y \OT1/zplm/m/
n/10.95 = \OML/zplm/m/it/10.95 exp\OT1/zplm/m/n/10.95 (\OML/zplm/m/it/10.95 Z\O
T1/zplm/m/n/10.95 )$\T1/ppl/m/n/10.95 . Faça um his-tograma da dis-tribuição pr
ed-i-tiva de $\OML/zplm/m/it/10.95 Y\OT1/zplm/m/n/10.95 (\OML/zplm/m/it/10.95 c
usto\OT1/zplm/m/n/10.95 )$
 []


Package xcolor Warning: Incompatible color definition on input line 527.


Package xcolor Warning: Incompatible color definition on input line 540.


Package xcolor Warning: Incompatible color definition on input line 540.


Package xcolor Warning: Incompatible color definition on input line 540.

[6 <./Lista03-IAE_Resp-Marcel_files/figure-latex/unnamed-chunk-9-1.pdf>]

Package xcolor Warning: Incompatible color definition on input line 540.


Package xcolor Warning: Incompatible color definition on input line 540.

<Lista03-IAE_Resp-Marcel_files/figure-latex/unnamed-chunk-10-1.pdf, id=59, 469.
755pt x 325.215pt>
File: Lista03-IAE_Resp-Marcel_files/figure-latex/unnamed-chunk-10-1.pdf Graphic
 file (type pdf)
<use Lista03-IAE_Resp-Marcel_files/figure-latex/unnamed-chunk-10-1.pdf>
Package pdftex.def Info: Lista03-IAE_Resp-Marcel_files/figure-latex/unnamed-chu
nk-10-1.pdf  used on input line 542.
(pdftex.def)             Requested size: 469.75386pt x 325.2142pt.

Overfull \hbox (16.99884pt too wide) in paragraph at lines 542--543
[][] 
 []


Package xcolor Warning: Incompatible color definition on input line 561.


Package xcolor Warning: Incompatible color definition on input line 565.


Package xcolor Warning: Incompatible color definition on input line 565.


Package xcolor Warning: Incompatible color definition on input line 573.


Package xcolor Warning: Incompatible color definition on input line 579.


Package xcolor Warning: Incompatible color definition on input line 579.

[7 <./Lista03-IAE_Resp-Marcel_files/figure-latex/unnamed-chunk-10-1.pdf>]

Package xcolor Warning: Incompatible color definition on input line 589.


Package xcolor Warning: Incompatible color definition on input line 598.


Package xcolor Warning: Incompatible color definition on input line 598.

[8] (Lista03-IAE_Resp-Marcel.aux) ) 
Here is how much of TeX's memory you used:
 12110 strings out of 480236
 179639 string characters out of 2880083
 480592 words of memory out of 3000000
 28426 multiletter control sequences out of 15000+200000
 558277 words of font info for 73 fonts, out of 3000000 for 9000
 1141 hyphenation exceptions out of 8191
 60i,15n,66p,649b,594s stack positions out of 5000i,500n,10000p,200000b,50000s
 <C:\Users\Marcel\AppData\Local\MiKTeX\fonts
/pk/ljfour/jknappen/ec/dpi600\tctt1095.pk> <C:\Users\Marcel\AppData\Local\MiKTe
X\fonts/pk/ljfour/jknappen/ec/dpi600\ecit1095.pk> <C:\Users\Marcel\AppData\Loca
l\MiKTeX\fonts/pk/ljfour/jknappen/ec/dpi600\ectt1095.pk>{C:/Users/Marcel/AppDat
a/Local/Programs/MiKTeX/fonts/enc/dvips/base/8r.enc}<C:/Users/Marcel/AppData/Lo
cal/Programs/MiKTeX/fonts/type1/public/amsfonts/cm/cmr10.pfb><C:/Users/Marcel/A
ppData/Local/Programs/MiKTeX/fonts/type1/public/amsfonts/cm/cmsy10.pfb><C:/User
s/Marcel/AppData/Local/Programs/MiKTeX/fonts/type1/public/mathpazo/fplmri.pfb><
C:/Users/Marcel/AppData/Local/Programs/MiKTeX/fonts/type1/urw/helvetic/uhvb8a.p
fb><C:/Users/Marcel/AppData/Local/Programs/MiKTeX/fonts/type1/urw/palatino/uplb
8a.pfb><C:/Users/Marcel/AppData/Local/Programs/MiKTeX/fonts/type1/urw/palatino/
uplbi8a.pfb><C:/Users/Marcel/AppData/Local/Programs/MiKTeX/fonts/type1/urw/pala
tino/uplr8a.pfb><C:/Users/Marcel/AppData/Local/Programs/MiKTeX/fonts/type1/urw/
palatino/uplri8a.pfb>
Output written on Lista03-IAE_Resp-Marcel.pdf (8 pages, 203886 bytes).
PDF statistics:
 235 PDF objects out of 1000 (max. 8388607)
 0 named destinations out of 1000 (max. 500000)
 26 words of extra memory for PDF output out of 10000 (max. 10000000)

